<?xml version="1.0" encoding="UTF-8"?>
<!-- Generated by org.testng.reporters.JUnitReportReporter -->
<testsuite hostname="Farukh" failures="0" tests="2" name="restassured.class06.SchemaValidation" time="1.593" errors="0" timestamp="2025-02-03T15:33:10 EST" skipped="0">
  <testcase classname="restassured.class06.SchemaValidation" name="jsonSchemaValidation" time="1.526"/>
  <testcase classname="restassured.class06.SchemaValidation" name="jsonSchemaValidation1" time="0.067"/>
</testsuite> <!-- restassured.class06.SchemaValidation -->
