<?xml version="1.0" encoding="UTF-8"?>
<!-- Generated by org.testng.reporters.JUnitReportReporter -->
<testsuite hostname="Farukh" failures="0" tests="1" name="restassured.class03.HeaderDemo" time="1.458" errors="0" timestamp="2025-02-01T20:51:56 EST" skipped="0">
  <testcase classname="restassured.class03.HeaderDemo" name="getHeaders" time="1.458"/>
</testsuite> <!-- restassured.class03.HeaderDemo -->
