<?xml version="1.0" encoding="UTF-8"?>
<!-- Generated by org.testng.reporters.JUnitReportReporter -->
<testsuite hostname="Farukh" failures="0" tests="2" name="restassured.class04and05.ParsingResponseJsonData" time="1.767" errors="0" timestamp="2025-02-04T12:33:38 EST" skipped="0">
  <testcase classname="restassured.class04and05.ParsingResponseJsonData" name="testJsonResponse" time="1.719"/>
  <testcase classname="restassured.class04and05.ParsingResponseJsonData" name="testJsonResponseBodyData" time="0.048"/>
</testsuite> <!-- restassured.class04and05.ParsingResponseJsonData -->
