<?xml version="1.0" encoding="UTF-8"?>
<!-- Generated by org.testng.reporters.JUnitReportReporter -->
<testsuite hostname="Farukh" failures="0" tests="2" name="restassured.class06.SerializationAndDeserialization" time="0.246" errors="0" timestamp="2025-02-03T16:52:57 EST" skipped="0">
  <testcase classname="restassured.class06.SerializationAndDeserialization" name="convertPOJOtoJson" time="0.220"/>
  <testcase classname="restassured.class06.SerializationAndDeserialization" name="convertJsonToPOJO" time="0.026"/>
</testsuite> <!-- restassured.class06.SerializationAndDeserialization -->
