<?xml version="1.0" encoding="UTF-8"?>
<!-- Generated by org.testng.reporters.JUnitReportReporter -->
<testsuite hostname="Farukh" failures="0" tests="1" name="restassured.class04and05.ParsingResponseXMLdata" time="1.959" errors="0" timestamp="2025-02-02T23:11:50 EST" skipped="0">
  <testcase classname="restassured.class04and05.ParsingResponseXMLdata" name="testXMLResponseBodyData" time="1.959"/>
</testsuite> <!-- restassured.class04and05.ParsingResponseXMLdata -->
