<?xml version="1.0" encoding="UTF-8"?>
<!-- Generated by org.testng.reporters.JUnitReportReporter -->
<testsuite hostname="Farukh" failures="0" tests="1" name="restassured.class03.LoggingDemo" time="1.385" errors="0" timestamp="2025-02-01T21:00:49 EST" skipped="0">
  <testcase classname="restassured.class03.LoggingDemo" name="testHeaders" time="1.385"/>
</testsuite> <!-- restassured.class03.LoggingDemo -->
