<?xml version="1.0" encoding="UTF-8"?>
<!-- Generated by org.testng.reporters.JUnitReportReporter -->
<testsuite hostname="Farukh" failures="0" tests="1" name="restassured.class02.DiffWaysToCreateAPostRequestBody" time="2.523" errors="0" timestamp="2025-01-31T23:06:25 EST" skipped="0">
  <testcase classname="restassured.class02.DiffWaysToCreateAPostRequestBody" name="testPostUsingExternalJsonFile" time="2.523"/>
</testsuite> <!-- restassured.class02.DiffWaysToCreateAPostRequestBody -->
