<?xml version="1.0" encoding="UTF-8"?>
<!-- Generated by org.testng.reporters.JUnitReportReporter -->
<testsuite hostname="Farukh" failures="0" tests="1" name="restassured.class03.PathAndQueryParams" time="1.688" errors="0" timestamp="2025-02-01T19:57:18 EST" skipped="0">
  <testcase classname="restassured.class03.PathAndQueryParams" name="testQueyAndPathParam" time="1.688"/>
</testsuite> <!-- restassured.class03.PathAndQueryParams -->
