<?xml version="1.0" encoding="UTF-8"?>
<!-- Generated by org.testng.reporters.JUnitReportReporter -->
<testsuite hostname="Farukh" failures="0" tests="5" name="restassured.class07.Authentications" time="3.058" errors="0" timestamp="2025-02-04T12:10:17 EST" skipped="0">
  <testcase classname="restassured.class07.Authentications" name="testBasicAuthentications" time="1.890"/>
  <testcase classname="restassured.class07.Authentications" name="testDigestAuthentications" time="0.207"/>
  <testcase classname="restassured.class07.Authentications" name="testpreemptivetAuthentications" time="0.160"/>
  <testcase classname="restassured.class07.Authentications" name="testBearerTokenAuthentications" time="0.475"/>
  <testcase classname="restassured.class07.Authentications" name="testAPIKeyAuthentication" time="0.326"/>
</testsuite> <!-- restassured.class07.Authentications -->
