<?xml version="1.0" encoding="UTF-8"?>
<!-- Generated by org.testng.reporters.JUnitReportReporter -->
<testsuite hostname="Farukh" failures="0" tests="1" name="restassured.class04and05.FileUpload" time="1.506" errors="0" timestamp="2025-02-02T23:39:12 EST" skipped="0">
  <testcase classname="restassured.class04and05.FileUpload" name="fileDownload" time="1.506"/>
</testsuite> <!-- restassured.class04and05.FileUpload -->
