<?xml version="1.0" encoding="UTF-8"?>
<!-- Generated by org.testng.reporters.JUnitReportReporter -->
<testsuite hostname="Farukh" failures="0" tests="4" name="restassured.class01.HTTPRequest" time="3.211" errors="0" timestamp="2025-01-31T20:27:42 EST" skipped="0">
  <testcase classname="restassured.class01.HTTPRequest" name="getUsers" time="2.124"/>
  <testcase classname="restassured.class01.HTTPRequest" name="createUser" time="0.521"/>
  <testcase classname="restassured.class01.HTTPRequest" name="updateUser" time="0.287"/>
  <testcase classname="restassured.class01.HTTPRequest" name="deleteUser" time="0.279"/>
</testsuite> <!-- restassured.class01.HTTPRequest -->
