<?xml version="1.0" encoding="UTF-8"?>
<!-- Generated by org.testng.reporters.JUnitReportReporter -->
<testsuite hostname="Farukh" failures="0" tests="1" name="restassured.class07.FakerDataGenarator" time="0.197" errors="0" timestamp="2025-02-04T12:24:22 EST" skipped="0">
  <testcase classname="restassured.class07.FakerDataGenarator" name="fakerDataGenarator" time="0.197"/>
</testsuite> <!-- restassured.class07.FakerDataGenarator -->
