<?xml version="1.0" encoding="UTF-8"?>
<!-- Generated by org.testng.reporters.JUnitReportReporter -->
<testsuite hostname="Farukh" failures="0" tests="2" name="restassured.class04.ParsingResponseJsonData" time="1.541" errors="0" timestamp="2025-02-02T18:25:50 EST" skipped="0">
  <testcase classname="restassured.class04.ParsingResponseJsonData" name="testJsonResponse" time="1.520"/>
  <testcase classname="restassured.class04.ParsingResponseJsonData" name="testJsonResponseBodyData" time="0.021"/>
</testsuite> <!-- restassured.class04.ParsingResponseJsonData -->
