<?xml version="1.0" encoding="UTF-8"?>
<!-- Generated by org.testng.reporters.JUnitReportReporter -->
<testsuite hostname="Farukh" failures="0" tests="1" name="restassured.class08.DeleteUser" time="1.020" errors="0" timestamp="2025-02-04T17:22:19 EST" skipped="0">
  <testcase classname="restassured.class08.DeleteUser" name="testDeleteUser" time="1.020"/>
</testsuite> <!-- restassured.class08.DeleteUser -->
